2022-12-12T07:10:32+00:00 CRITICAL Uncaught TypeError: in_array(): Argument #2 ($haystack) must be of type array, string given in D:\laragon\www\ivymart\wp-content\themes\hoango\inc\custom\custom_cat_nav.php:78
Stack trace:
#0 D:\laragon\www\ivymart\wp-content\themes\hoango\inc\custom\custom_cat_nav.php(78): in_array('google', '')
#1 D:\laragon\www\ivymart\wp-includes\class-wp-customize-control.php(429): Jayj_Customize_Control_Multiple_Select->render_content()
#2 D:\laragon\www\ivymart\wp-includes\class-wp-customize-control.php(416): WP_Customize_Control->render()
#3 D:\laragon\www\ivymart\wp-includes\class-wp-customize-control.php(380): WP_Customize_Control->maybe_render()
#4 D:\laragon\www\ivymart\wp-includes\class-wp-customize-control.php(318): WP_Customize_Control->get_content()
#5 D:\laragon\www\ivymart\wp-includes\class-wp-customize-control.php(336): WP_Customize_Control->to_json()
#6 D:\laragon\www\ivymart\wp-includes\class-wp-customize-manager.php(4984): WP_Customize_Control->json()
#7 D:\laragon\www\ivymart\wp-includes\class-wp-hook.php(307): WP_Customize_Manager->customize_pane_settings('')
#8 D:\laragon\www\ivymart\wp-includes\class-wp-hook.php(331): WP_Hook->apply_filters(NULL, Array)
#9 D:\laragon\www\ivymart\wp-includes\plugin.php(476): WP_Hook->do_action(Array)
#10 D:\laragon\www\ivymart\wp-admin\customize.php(292): do_action('customize_contr...')
#11 {main}
  thrown in D:\laragon\www\ivymart\wp-content\themes\hoango\inc\custom\custom_cat_nav.php on line 78

2022-12-12T07:10:33+00:00 CRITICAL Uncaught Error: Class "WP_Customize_Control" not found in D:\laragon\www\ivymart\wp-content\themes\hoango\inc\custom\custom_cat_nav.php:58
Stack trace:
#0 D:\laragon\www\ivymart\wp-content\themes\hoango\functions.php(188): require()
#1 D:\laragon\www\ivymart\wp-settings.php(566): include('D:\\laragon\\www\\...')
#2 D:\laragon\www\ivymart\wp-config.php(105): require_once('D:\\laragon\\www\\...')
#3 D:\laragon\www\ivymart\wp-load.php(50): require_once('D:\\laragon\\www\\...')
#4 D:\laragon\www\ivymart\wp-blog-header.php(13): require_once('D:\\laragon\\www\\...')
#5 D:\laragon\www\ivymart\index.php(17): require('D:\\laragon\\www\\...')
#6 {main}
  thrown in D:\laragon\www\ivymart\wp-content\themes\hoango\inc\custom\custom_cat_nav.php on line 58

2022-12-12T07:10:37+00:00 CRITICAL Uncaught TypeError: in_array(): Argument #2 ($haystack) must be of type array, string given in D:\laragon\www\ivymart\wp-content\themes\hoango\inc\custom\custom_cat_nav.php:78
Stack trace:
#0 D:\laragon\www\ivymart\wp-content\themes\hoango\inc\custom\custom_cat_nav.php(78): in_array('google', '')
#1 D:\laragon\www\ivymart\wp-includes\class-wp-customize-control.php(429): Jayj_Customize_Control_Multiple_Select->render_content()
#2 D:\laragon\www\ivymart\wp-includes\class-wp-customize-control.php(416): WP_Customize_Control->render()
#3 D:\laragon\www\ivymart\wp-includes\class-wp-customize-control.php(380): WP_Customize_Control->maybe_render()
#4 D:\laragon\www\ivymart\wp-includes\class-wp-customize-control.php(318): WP_Customize_Control->get_content()
#5 D:\laragon\www\ivymart\wp-includes\class-wp-customize-control.php(336): WP_Customize_Control->to_json()
#6 D:\laragon\www\ivymart\wp-includes\class-wp-customize-manager.php(4984): WP_Customize_Control->json()
#7 D:\laragon\www\ivymart\wp-includes\class-wp-hook.php(307): WP_Customize_Manager->customize_pane_settings('')
#8 D:\laragon\www\ivymart\wp-includes\class-wp-hook.php(331): WP_Hook->apply_filters(NULL, Array)
#9 D:\laragon\www\ivymart\wp-includes\plugin.php(476): WP_Hook->do_action(Array)
#10 D:\laragon\www\ivymart\wp-admin\customize.php(292): do_action('customize_contr...')
#11 {main}
  thrown in D:\laragon\www\ivymart\wp-content\themes\hoango\inc\custom\custom_cat_nav.php on line 78

2022-12-12T07:10:39+00:00 CRITICAL Uncaught Error: Class "WP_Customize_Control" not found in D:\laragon\www\ivymart\wp-content\themes\hoango\inc\custom\custom_cat_nav.php:58
Stack trace:
#0 D:\laragon\www\ivymart\wp-content\themes\hoango\functions.php(188): require()
#1 D:\laragon\www\ivymart\wp-settings.php(566): include('D:\\laragon\\www\\...')
#2 D:\laragon\www\ivymart\wp-config.php(105): require_once('D:\\laragon\\www\\...')
#3 D:\laragon\www\ivymart\wp-load.php(50): require_once('D:\\laragon\\www\\...')
#4 D:\laragon\www\ivymart\wp-blog-header.php(13): require_once('D:\\laragon\\www\\...')
#5 D:\laragon\www\ivymart\index.php(17): require('D:\\laragon\\www\\...')
#6 {main}
  thrown in D:\laragon\www\ivymart\wp-content\themes\hoango\inc\custom\custom_cat_nav.php on line 58

2022-12-12T07:10:39+00:00 CRITICAL Uncaught Error: Class "WP_Customize_Control" not found in D:\laragon\www\ivymart\wp-content\themes\hoango\inc\custom\custom_cat_nav.php:58
Stack trace:
#0 D:\laragon\www\ivymart\wp-content\themes\hoango\functions.php(188): require()
#1 D:\laragon\www\ivymart\wp-settings.php(566): include('D:\\laragon\\www\\...')
#2 D:\laragon\www\ivymart\wp-config.php(105): require_once('D:\\laragon\\www\\...')
#3 D:\laragon\www\ivymart\wp-load.php(50): require_once('D:\\laragon\\www\\...')
#4 D:\laragon\www\ivymart\wp-admin\admin.php(34): require_once('D:\\laragon\\www\\...')
#5 D:\laragon\www\ivymart\wp-admin\edit.php(10): require_once('D:\\laragon\\www\\...')
#6 {main}
  thrown in D:\laragon\www\ivymart\wp-content\themes\hoango\inc\custom\custom_cat_nav.php on line 58

2022-12-12T07:10:40+00:00 CRITICAL Uncaught Error: Class "WP_Customize_Control" not found in D:\laragon\www\ivymart\wp-content\themes\hoango\inc\custom\custom_cat_nav.php:58
Stack trace:
#0 D:\laragon\www\ivymart\wp-content\themes\hoango\functions.php(188): require()
#1 D:\laragon\www\ivymart\wp-settings.php(566): include('D:\\laragon\\www\\...')
#2 D:\laragon\www\ivymart\wp-config.php(105): require_once('D:\\laragon\\www\\...')
#3 D:\laragon\www\ivymart\wp-load.php(50): require_once('D:\\laragon\\www\\...')
#4 D:\laragon\www\ivymart\wp-blog-header.php(13): require_once('D:\\laragon\\www\\...')
#5 D:\laragon\www\ivymart\index.php(17): require('D:\\laragon\\www\\...')
#6 {main}
  thrown in D:\laragon\www\ivymart\wp-content\themes\hoango\inc\custom\custom_cat_nav.php on line 58

2022-12-12T07:14:00+00:00 CRITICAL Uncaught TypeError: in_array(): Argument #2 ($haystack) must be of type array, string given in D:\laragon\www\ivymart\wp-content\themes\hoango\inc\custom\custom_cat_nav.php:28
Stack trace:
#0 D:\laragon\www\ivymart\wp-content\themes\hoango\inc\custom\custom_cat_nav.php(28): in_array('google', '')
#1 D:\laragon\www\ivymart\wp-includes\class-wp-customize-control.php(429): Jayj_Customize_Control_Multiple_Select->render_content()
#2 D:\laragon\www\ivymart\wp-includes\class-wp-customize-control.php(416): WP_Customize_Control->render()
#3 D:\laragon\www\ivymart\wp-includes\class-wp-customize-control.php(380): WP_Customize_Control->maybe_render()
#4 D:\laragon\www\ivymart\wp-includes\class-wp-customize-control.php(318): WP_Customize_Control->get_content()
#5 D:\laragon\www\ivymart\wp-includes\class-wp-customize-control.php(336): WP_Customize_Control->to_json()
#6 D:\laragon\www\ivymart\wp-includes\class-wp-customize-manager.php(4984): WP_Customize_Control->json()
#7 D:\laragon\www\ivymart\wp-includes\class-wp-hook.php(307): WP_Customize_Manager->customize_pane_settings('')
#8 D:\laragon\www\ivymart\wp-includes\class-wp-hook.php(331): WP_Hook->apply_filters(NULL, Array)
#9 D:\laragon\www\ivymart\wp-includes\plugin.php(476): WP_Hook->do_action(Array)
#10 D:\laragon\www\ivymart\wp-admin\customize.php(292): do_action('customize_contr...')
#11 {main}
  thrown in D:\laragon\www\ivymart\wp-content\themes\hoango\inc\custom\custom_cat_nav.php on line 28

2022-12-12T07:14:20+00:00 CRITICAL Uncaught TypeError: in_array(): Argument #2 ($haystack) must be of type array, string given in D:\laragon\www\ivymart\wp-content\themes\hoango\inc\custom\custom_cat_nav.php:28
Stack trace:
#0 D:\laragon\www\ivymart\wp-content\themes\hoango\inc\custom\custom_cat_nav.php(28): in_array('google', '')
#1 D:\laragon\www\ivymart\wp-includes\class-wp-customize-control.php(429): Jayj_Customize_Control_Multiple_Select->render_content()
#2 D:\laragon\www\ivymart\wp-includes\class-wp-customize-control.php(416): WP_Customize_Control->render()
#3 D:\laragon\www\ivymart\wp-includes\class-wp-customize-control.php(380): WP_Customize_Control->maybe_render()
#4 D:\laragon\www\ivymart\wp-includes\class-wp-customize-control.php(318): WP_Customize_Control->get_content()
#5 D:\laragon\www\ivymart\wp-includes\class-wp-customize-control.php(336): WP_Customize_Control->to_json()
#6 D:\laragon\www\ivymart\wp-includes\class-wp-customize-manager.php(4984): WP_Customize_Control->json()
#7 D:\laragon\www\ivymart\wp-includes\class-wp-hook.php(307): WP_Customize_Manager->customize_pane_settings('')
#8 D:\laragon\www\ivymart\wp-includes\class-wp-hook.php(331): WP_Hook->apply_filters(NULL, Array)
#9 D:\laragon\www\ivymart\wp-includes\plugin.php(476): WP_Hook->do_action(Array)
#10 D:\laragon\www\ivymart\wp-admin\customize.php(292): do_action('customize_contr...')
#11 {main}
  thrown in D:\laragon\www\ivymart\wp-content\themes\hoango\inc\custom\custom_cat_nav.php on line 28

2022-12-12T07:14:26+00:00 CRITICAL Uncaught TypeError: in_array(): Argument #2 ($haystack) must be of type array, string given in D:\laragon\www\ivymart\wp-content\themes\hoango\inc\custom\custom_cat_nav.php:28
Stack trace:
#0 D:\laragon\www\ivymart\wp-content\themes\hoango\inc\custom\custom_cat_nav.php(28): in_array('google', '')
#1 D:\laragon\www\ivymart\wp-includes\class-wp-customize-control.php(429): Jayj_Customize_Control_Multiple_Select->render_content()
#2 D:\laragon\www\ivymart\wp-includes\class-wp-customize-control.php(416): WP_Customize_Control->render()
#3 D:\laragon\www\ivymart\wp-includes\class-wp-customize-control.php(380): WP_Customize_Control->maybe_render()
#4 D:\laragon\www\ivymart\wp-includes\class-wp-customize-control.php(318): WP_Customize_Control->get_content()
#5 D:\laragon\www\ivymart\wp-includes\class-wp-customize-control.php(336): WP_Customize_Control->to_json()
#6 D:\laragon\www\ivymart\wp-includes\class-wp-customize-manager.php(4984): WP_Customize_Control->json()
#7 D:\laragon\www\ivymart\wp-includes\class-wp-hook.php(307): WP_Customize_Manager->customize_pane_settings('')
#8 D:\laragon\www\ivymart\wp-includes\class-wp-hook.php(331): WP_Hook->apply_filters(NULL, Array)
#9 D:\laragon\www\ivymart\wp-includes\plugin.php(476): WP_Hook->do_action(Array)
#10 D:\laragon\www\ivymart\wp-admin\customize.php(292): do_action('customize_contr...')
#11 {main}
  thrown in D:\laragon\www\ivymart\wp-content\themes\hoango\inc\custom\custom_cat_nav.php on line 28

2022-12-12T07:21:31+00:00 CRITICAL Uncaught Error: Failed opening required 'D:\laragon\www\ivymart\wp-content\themes\hoango\inc\customcat_nav_select.php' (include_path='.;D:/laragon/etc/php/pear') in D:\laragon\www\ivymart\wp-content\themes\hoango\inc\custom\custom_cat_nav.php:9
Stack trace:
#0 D:\laragon\www\ivymart\wp-includes\class-wp-hook.php(307): cat_nav_customize_register(Object(WP_Customize_Manager))
#1 D:\laragon\www\ivymart\wp-includes\class-wp-hook.php(331): WP_Hook->apply_filters(NULL, Array)
#2 D:\laragon\www\ivymart\wp-includes\plugin.php(476): WP_Hook->do_action(Array)
#3 D:\laragon\www\ivymart\wp-includes\class-wp-customize-manager.php(933): do_action('customize_regis...', Object(WP_Customize_Manager))
#4 D:\laragon\www\ivymart\wp-includes\class-wp-hook.php(307): WP_Customize_Manager->wp_loaded('')
#5 D:\laragon\www\ivymart\wp-includes\class-wp-hook.php(331): WP_Hook->apply_filters(NULL, Array)
#6 D:\laragon\www\ivymart\wp-includes\plugin.php(476): WP_Hook->do_action(Array)
#7 D:\laragon\www\ivymart\wp-settings.php(620): do_action('wp_loaded')
#8 D:\laragon\www\ivymart\wp-config.php(105): require_once('D:\\laragon\\www\\...')
#9 D:\laragon\www\ivymart\wp-load.php(50): require_once('D:\\laragon\\www\\...')
#10 D:\laragon\www\ivymart\wp-admin\admin-ajax.php(22): require_once('D:\\laragon\\www\\...')
#11 {main}
  thrown in D:\laragon\www\ivymart\wp-content\themes\hoango\inc\custom\custom_cat_nav.php on line 9

2022-12-12T07:21:44+00:00 CRITICAL Uncaught Error: Failed opening required 'D:\laragon\www\ivymart\wp-content\themes\hoango\inc\customcat_nav_select.php' (include_path='.;D:/laragon/etc/php/pear') in D:\laragon\www\ivymart\wp-content\themes\hoango\inc\custom\custom_cat_nav.php:9
Stack trace:
#0 D:\laragon\www\ivymart\wp-includes\class-wp-hook.php(307): cat_nav_customize_register(Object(WP_Customize_Manager))
#1 D:\laragon\www\ivymart\wp-includes\class-wp-hook.php(331): WP_Hook->apply_filters(NULL, Array)
#2 D:\laragon\www\ivymart\wp-includes\plugin.php(476): WP_Hook->do_action(Array)
#3 D:\laragon\www\ivymart\wp-includes\class-wp-customize-manager.php(933): do_action('customize_regis...', Object(WP_Customize_Manager))
#4 D:\laragon\www\ivymart\wp-includes\class-wp-hook.php(307): WP_Customize_Manager->wp_loaded('')
#5 D:\laragon\www\ivymart\wp-includes\class-wp-hook.php(331): WP_Hook->apply_filters(NULL, Array)
#6 D:\laragon\www\ivymart\wp-includes\plugin.php(476): WP_Hook->do_action(Array)
#7 D:\laragon\www\ivymart\wp-settings.php(620): do_action('wp_loaded')
#8 D:\laragon\www\ivymart\wp-config.php(105): require_once('D:\\laragon\\www\\...')
#9 D:\laragon\www\ivymart\wp-load.php(50): require_once('D:\\laragon\\www\\...')
#10 D:\laragon\www\ivymart\wp-admin\admin.php(34): require_once('D:\\laragon\\www\\...')
#11 D:\laragon\www\ivymart\wp-admin\customize.php(13): require_once('D:\\laragon\\www\\...')
#12 {main}
  thrown in D:\laragon\www\ivymart\wp-content\themes\hoango\inc\custom\custom_cat_nav.php on line 9

2022-12-12T07:22:28+00:00 CRITICAL Uncaught TypeError: in_array(): Argument #2 ($haystack) must be of type array, string given in D:\laragon\www\ivymart\wp-content\themes\hoango\inc\custom\cat_nav_select.php:25
Stack trace:
#0 D:\laragon\www\ivymart\wp-content\themes\hoango\inc\custom\cat_nav_select.php(25): in_array(1, '')
#1 D:\laragon\www\ivymart\wp-includes\class-wp-customize-control.php(429): Countries_Dropdown_Custom_control->render_content()
#2 D:\laragon\www\ivymart\wp-includes\class-wp-customize-control.php(416): WP_Customize_Control->render()
#3 D:\laragon\www\ivymart\wp-includes\class-wp-customize-control.php(380): WP_Customize_Control->maybe_render()
#4 D:\laragon\www\ivymart\wp-includes\class-wp-customize-control.php(318): WP_Customize_Control->get_content()
#5 D:\laragon\www\ivymart\wp-includes\class-wp-customize-control.php(336): WP_Customize_Control->to_json()
#6 D:\laragon\www\ivymart\wp-includes\class-wp-customize-manager.php(4984): WP_Customize_Control->json()
#7 D:\laragon\www\ivymart\wp-includes\class-wp-hook.php(307): WP_Customize_Manager->customize_pane_settings('')
#8 D:\laragon\www\ivymart\wp-includes\class-wp-hook.php(331): WP_Hook->apply_filters(NULL, Array)
#9 D:\laragon\www\ivymart\wp-includes\plugin.php(476): WP_Hook->do_action(Array)
#10 D:\laragon\www\ivymart\wp-admin\customize.php(292): do_action('customize_contr...')
#11 {main}
  thrown in D:\laragon\www\ivymart\wp-content\themes\hoango\inc\custom\cat_nav_select.php on line 25

2022-12-12T07:23:28+00:00 CRITICAL Uncaught TypeError: in_array(): Argument #2 ($haystack) must be of type array, string given in D:\laragon\www\ivymart\wp-content\themes\hoango\inc\custom\cat_nav_select.php:25
Stack trace:
#0 D:\laragon\www\ivymart\wp-content\themes\hoango\inc\custom\cat_nav_select.php(25): in_array(1, '')
#1 D:\laragon\www\ivymart\wp-includes\class-wp-customize-control.php(429): Countries_Dropdown_Custom_control->render_content()
#2 D:\laragon\www\ivymart\wp-includes\class-wp-customize-control.php(416): WP_Customize_Control->render()
#3 D:\laragon\www\ivymart\wp-includes\class-wp-customize-control.php(380): WP_Customize_Control->maybe_render()
#4 D:\laragon\www\ivymart\wp-includes\class-wp-customize-control.php(318): WP_Customize_Control->get_content()
#5 D:\laragon\www\ivymart\wp-includes\class-wp-customize-control.php(336): WP_Customize_Control->to_json()
#6 D:\laragon\www\ivymart\wp-includes\class-wp-customize-manager.php(4984): WP_Customize_Control->json()
#7 D:\laragon\www\ivymart\wp-includes\class-wp-hook.php(307): WP_Customize_Manager->customize_pane_settings('')
#8 D:\laragon\www\ivymart\wp-includes\class-wp-hook.php(331): WP_Hook->apply_filters(NULL, Array)
#9 D:\laragon\www\ivymart\wp-includes\plugin.php(476): WP_Hook->do_action(Array)
#10 D:\laragon\www\ivymart\wp-admin\customize.php(292): do_action('customize_contr...')
#11 {main}
  thrown in D:\laragon\www\ivymart\wp-content\themes\hoango\inc\custom\cat_nav_select.php on line 25

2022-12-12T07:24:28+00:00 CRITICAL Uncaught TypeError: in_array(): Argument #2 ($haystack) must be of type array, string given in D:\laragon\www\ivymart\wp-content\themes\hoango\inc\custom\cat_nav_select.php:25
Stack trace:
#0 D:\laragon\www\ivymart\wp-content\themes\hoango\inc\custom\cat_nav_select.php(25): in_array(1, '')
#1 D:\laragon\www\ivymart\wp-includes\class-wp-customize-control.php(429): Countries_Dropdown_Custom_control->render_content()
#2 D:\laragon\www\ivymart\wp-includes\class-wp-customize-control.php(416): WP_Customize_Control->render()
#3 D:\laragon\www\ivymart\wp-includes\class-wp-customize-control.php(380): WP_Customize_Control->maybe_render()
#4 D:\laragon\www\ivymart\wp-includes\class-wp-customize-control.php(318): WP_Customize_Control->get_content()
#5 D:\laragon\www\ivymart\wp-includes\class-wp-customize-control.php(336): WP_Customize_Control->to_json()
#6 D:\laragon\www\ivymart\wp-includes\class-wp-customize-manager.php(4984): WP_Customize_Control->json()
#7 D:\laragon\www\ivymart\wp-includes\class-wp-hook.php(307): WP_Customize_Manager->customize_pane_settings('')
#8 D:\laragon\www\ivymart\wp-includes\class-wp-hook.php(331): WP_Hook->apply_filters(NULL, Array)
#9 D:\laragon\www\ivymart\wp-includes\plugin.php(476): WP_Hook->do_action(Array)
#10 D:\laragon\www\ivymart\wp-admin\customize.php(292): do_action('customize_contr...')
#11 {main}
  thrown in D:\laragon\www\ivymart\wp-content\themes\hoango\inc\custom\cat_nav_select.php on line 25

2022-12-12T07:25:24+00:00 CRITICAL Uncaught TypeError: in_array(): Argument #2 ($haystack) must be of type array, string given in D:\laragon\www\ivymart\wp-content\themes\hoango\inc\custom\cat_nav_select.php:25
Stack trace:
#0 D:\laragon\www\ivymart\wp-content\themes\hoango\inc\custom\cat_nav_select.php(25): in_array(1, '')
#1 D:\laragon\www\ivymart\wp-includes\class-wp-customize-control.php(429): Countries_Dropdown_Custom_control->render_content()
#2 D:\laragon\www\ivymart\wp-includes\class-wp-customize-control.php(416): WP_Customize_Control->render()
#3 D:\laragon\www\ivymart\wp-includes\class-wp-customize-control.php(380): WP_Customize_Control->maybe_render()
#4 D:\laragon\www\ivymart\wp-includes\class-wp-customize-control.php(318): WP_Customize_Control->get_content()
#5 D:\laragon\www\ivymart\wp-includes\class-wp-customize-control.php(336): WP_Customize_Control->to_json()
#6 D:\laragon\www\ivymart\wp-includes\class-wp-customize-manager.php(4984): WP_Customize_Control->json()
#7 D:\laragon\www\ivymart\wp-includes\class-wp-hook.php(307): WP_Customize_Manager->customize_pane_settings('')
#8 D:\laragon\www\ivymart\wp-includes\class-wp-hook.php(331): WP_Hook->apply_filters(NULL, Array)
#9 D:\laragon\www\ivymart\wp-includes\plugin.php(476): WP_Hook->do_action(Array)
#10 D:\laragon\www\ivymart\wp-admin\customize.php(292): do_action('customize_contr...')
#11 {main}
  thrown in D:\laragon\www\ivymart\wp-content\themes\hoango\inc\custom\cat_nav_select.php on line 25

