2022-11-03T02:04:22+00:00 CRITICAL syntax error, unexpected '}', expecting end of file in D:\laragon\www\ivymart\wp-content\themes\hoango\inc\custom-origin.php on line 246

2022-11-03T02:04:22+00:00 CRITICAL syntax error, unexpected '}', expecting end of file in D:\laragon\www\ivymart\wp-content\themes\hoango\inc\custom-origin.php on line 246

2022-11-03T02:04:29+00:00 CRITICAL syntax error, unexpected '}', expecting end of file in D:\laragon\www\ivymart\wp-content\themes\hoango\inc\custom-origin.php on line 246

2022-11-03T02:04:30+00:00 CRITICAL syntax error, unexpected '}', expecting end of file in D:\laragon\www\ivymart\wp-content\themes\hoango\inc\custom-origin.php on line 246

2022-11-03T02:29:44+00:00 CRITICAL Uncaught Error: Call to undefined function woo_cart_but() in D:\laragon\www\ivymart\wp-content\themes\hoango\header.php:91
Stack trace:
#0 D:\laragon\www\ivymart\wp-includes\template.php(770): require_once()
#1 D:\laragon\www\ivymart\wp-includes\template.php(716): load_template('D:\\laragon\\www\\...', true, Array)
#2 D:\laragon\www\ivymart\wp-includes\general-template.php(48): locate_template(Array, true, true, Array)
#3 D:\laragon\www\ivymart\wp-content\themes\hoango\single.php(10): get_header()
#4 D:\laragon\www\ivymart\wp-includes\template-loader.php(106): include('D:\\laragon\\www\\...')
#5 D:\laragon\www\ivymart\wp-blog-header.php(19): require_once('D:\\laragon\\www\\...')
#6 D:\laragon\www\ivymart\index.php(17): require('D:\\laragon\\www\\...')
#7 {main}
  thrown in D:\laragon\www\ivymart\wp-content\themes\hoango\header.php on line 91

2022-11-03T02:29:49+00:00 CRITICAL Uncaught Error: Call to undefined function woo_cart_but() in D:\laragon\www\ivymart\wp-content\themes\hoango\header.php:91
Stack trace:
#0 D:\laragon\www\ivymart\wp-includes\template.php(770): require_once()
#1 D:\laragon\www\ivymart\wp-includes\template.php(716): load_template('D:\\laragon\\www\\...', true, Array)
#2 D:\laragon\www\ivymart\wp-includes\general-template.php(48): locate_template(Array, true, true, Array)
#3 D:\laragon\www\ivymart\wp-content\themes\hoango\page-cart.php(15): get_header()
#4 D:\laragon\www\ivymart\wp-includes\template-loader.php(106): include('D:\\laragon\\www\\...')
#5 D:\laragon\www\ivymart\wp-blog-header.php(19): require_once('D:\\laragon\\www\\...')
#6 D:\laragon\www\ivymart\index.php(17): require('D:\\laragon\\www\\...')
#7 {main}
  thrown in D:\laragon\www\ivymart\wp-content\themes\hoango\header.php on line 91

2022-11-03T02:29:54+00:00 CRITICAL Uncaught Error: Call to undefined function woo_cart_but() in D:\laragon\www\ivymart\wp-content\themes\hoango\header.php:91
Stack trace:
#0 D:\laragon\www\ivymart\wp-includes\template.php(770): require_once()
#1 D:\laragon\www\ivymart\wp-includes\template.php(716): load_template('D:\\laragon\\www\\...', true, Array)
#2 D:\laragon\www\ivymart\wp-includes\general-template.php(48): locate_template(Array, true, true, Array)
#3 D:\laragon\www\ivymart\wp-content\themes\hoango\single.php(10): get_header()
#4 D:\laragon\www\ivymart\wp-includes\template-loader.php(106): include('D:\\laragon\\www\\...')
#5 D:\laragon\www\ivymart\wp-blog-header.php(19): require_once('D:\\laragon\\www\\...')
#6 D:\laragon\www\ivymart\index.php(17): require('D:\\laragon\\www\\...')
#7 {main}
  thrown in D:\laragon\www\ivymart\wp-content\themes\hoango\header.php on line 91

2022-11-03T02:29:56+00:00 CRITICAL Uncaught Error: Call to undefined function woo_cart_but() in D:\laragon\www\ivymart\wp-content\themes\hoango\header.php:91
Stack trace:
#0 D:\laragon\www\ivymart\wp-includes\template.php(770): require_once()
#1 D:\laragon\www\ivymart\wp-includes\template.php(716): load_template('D:\\laragon\\www\\...', true, Array)
#2 D:\laragon\www\ivymart\wp-includes\general-template.php(48): locate_template(Array, true, true, Array)
#3 D:\laragon\www\ivymart\wp-content\themes\hoango\page-cart.php(15): get_header()
#4 D:\laragon\www\ivymart\wp-includes\template-loader.php(106): include('D:\\laragon\\www\\...')
#5 D:\laragon\www\ivymart\wp-blog-header.php(19): require_once('D:\\laragon\\www\\...')
#6 D:\laragon\www\ivymart\index.php(17): require('D:\\laragon\\www\\...')
#7 {main}
  thrown in D:\laragon\www\ivymart\wp-content\themes\hoango\header.php on line 91

